SF:lib/datalist/datalist.dart
DA:5,0
DA:6,0
DA:14,1
DA:20,1
DA:22,3
DA:23,0
DA:24,0
DA:25,0
DA:26,0
DA:32,1
DA:41,0
DA:47,0
DA:49,0
DA:50,0
DA:51,0
DA:54,0
DA:56,0
LF:17
LH:4
end_of_record
SF:lib/datalist/offline/hive_data.dart
DA:7,1
DA:8,3
DA:13,1
DA:14,2
DA:15,0
DA:16,0
DA:17,0
DA:21,0
DA:22,0
DA:23,0
DA:24,0
DA:27,1
DA:28,2
DA:29,3
DA:31,0
DA:36,0
DA:37,0
DA:38,0
DA:39,0
DA:40,0
DA:46,0
DA:47,0
DA:48,0
DA:49,0
DA:50,0
LF:25
LH:7
end_of_record
SF:lib/datalist/online/onlinelist.dart
DA:11,1
DA:16,0
DA:17,0
DA:18,0
DA:19,0
DA:20,0
DA:21,0
DA:22,0
DA:23,0
DA:25,0
DA:29,0
DA:36,0
DA:37,0
DA:38,0
DA:39,0
DA:41,0
DA:42,0
DA:46,0
DA:47,0
DA:49,0
DA:52,0
DA:53,0
DA:55,0
DA:57,0
DA:58,0
DA:62,0
DA:63,0
DA:65,0
LF:28
LH:1
end_of_record
SF:lib/model/currency.dart
DA:6,0
DA:12,0
DA:13,0
DA:14,0
DA:15,0
DA:18,0
DA:19,0
DA:20,0
DA:21,0
LF:9
LH:0
end_of_record
